{"level":"info","msg":"Using namespace 'email-signature-ns'","time":"2022-09-07T16:01:13+03:00"}
{"level":"info","msg":"Using kube context 'shour-vcluster'","time":"2022-09-07T16:01:13+03:00"}
{"level":"error","msg":"error parsing images.wp-msg.image: '${IMAGE}': invalid reference format: repository name must be lowercase","time":"2022-09-07T16:01:14+03:00"}
{"level":"info","msg":"Using namespace 'email-signature-ns'","time":"2022-09-07T16:01:41+03:00"}
{"level":"info","msg":"Using kube context 'shour-vcluster'","time":"2022-09-07T16:01:41+03:00"}
{"level":"error","msg":"error parsing images.wp-msg.image: '${IMAGE}': invalid reference format: repository name must be lowercase","time":"2022-09-07T16:01:42+03:00"}
{"level":"info","msg":"Using namespace 'email-signature-ns'","time":"2022-09-07T16:02:19+03:00"}
{"level":"info","msg":"Using kube context 'shour-vcluster'","time":"2022-09-07T16:02:19+03:00"}
{"level":"error","msg":"error parsing images.wp-msg.image: '${IMAGE}': invalid reference format: repository name must be lowercase","time":"2022-09-07T16:02:20+03:00"}
{"level":"info","msg":"Using namespace 'email-signature-ns'","time":"2022-09-07T16:02:48+03:00"}
{"level":"info","msg":"Using kube context 'shour-vcluster'","time":"2022-09-07T16:02:48+03:00"}
{"level":"error","msg":"error parsing images.wp-msg.image: '${IMAGE}': invalid reference format: repository name must be lowercase","time":"2022-09-07T16:02:49+03:00"}
{"level":"info","msg":"Using namespace 'email-signature-ns'","time":"2022-09-07T16:03:20+03:00"}
{"level":"info","msg":"Using kube context 'shour-vcluster'","time":"2022-09-07T16:03:20+03:00"}
{"level":"error","msg":"error parsing images.wp-msg.image: '${IMAGE}': invalid reference format: repository name must be lowercase","time":"2022-09-07T16:03:22+03:00"}
{"level":"info","msg":"Using namespace 'email-signature-ns'","time":"2022-09-07T16:05:13+03:00"}
{"level":"info","msg":"Using kube context 'shour-vcluster'","time":"2022-09-07T16:05:13+03:00"}
{"level":"error","msg":"error parsing images.wp-msg.image: '${IMAGE}': invalid reference format: repository name must be lowercase","time":"2022-09-07T16:05:14+03:00"}
{"level":"info","msg":"Using namespace 'email-signature-ns'","time":"2022-09-07T16:12:15+03:00"}
{"level":"info","msg":"Using kube context 'shour-vcluster'","time":"2022-09-07T16:12:15+03:00"}
{"level":"error","msg":"error parsing images.app.image: '${IMAGE}': invalid reference format: repository name must be lowercase","time":"2022-09-07T16:12:16+03:00"}
{"level":"info","msg":"Using namespace 'email-signature-ns'","time":"2022-09-07T16:15:14+03:00"}
{"level":"info","msg":"Using kube context 'shour-vcluster'","time":"2022-09-07T16:15:14+03:00"}
deploy:app Deploying chart /home/iamshour/.devspace/component-chart/component-chart-0.8.4.tgz (app) with helm...deploy:app Deployed helm chart (Release revision: 13)deploy:app Successfully deployed app with helmdev:app Pod was already replaced, retrying to update the configurationdev:app Waiting for pod to become ready...dev:app Selected app-devspace-86979f6fcb-6j2gs:container-0 (pod:container)dev:app open  Opening 'http://localhost:8081' as soon as application will be starteddev:app ports Port forwarding started on: 8080 -> 8081start_dev: start sync: parse upload exclude file: open exclude file: open /home/iamshour/workspace/wp-msg-testing/.dockerignore: no such file or directory{"level":"error","msg":"exit status 1","time":"2022-09-07T16:16:31+03:00"}
{"level":"info","msg":"Using namespace 'email-signature-ns'","time":"2022-09-07T16:21:13+03:00"}
{"level":"info","msg":"Using kube context 'shour-vcluster'","time":"2022-09-07T16:21:13+03:00"}
deploy:app Deploying chart /home/iamshour/.devspace/component-chart/component-chart-0.8.4.tgz (app) with helm...deploy:app Deployed helm chart (Release revision: 14)deploy:app Successfully deployed app with helmstart_dev: couldn't find dev wp-msg{"level":"error","msg":"exit status 1","time":"2022-09-07T16:21:25+03:00"}
{"level":"info","msg":"Using namespace 'email-signature-ns'","time":"2022-09-07T16:22:43+03:00"}
{"level":"info","msg":"Using kube context 'shour-vcluster'","time":"2022-09-07T16:22:43+03:00"}
deploy:wp-msg Deploying chart /home/iamshour/.devspace/component-chart/component-chart-0.8.4.tgz (wp-msg) with helm...deploy:wp-msg Deployed helm chart (Release revision: 1)deploy:wp-msg Successfully deployed wp-msg with helmdev:wp-msg Waiting for pod to become ready...dev:wp-msg Selected wp-msg-devspace-fc96cc84d-h2f7q:container-0 (pod:container)dev:wp-msg open  Opening 'http://localhost:3001' as soon as application will be starteddev:wp-msg ports Port forwarding started on: 3000 -> 3001start_dev: start sync: parse upload exclude file: open exclude file: open /home/iamshour/workspace/wp-msg-testing/.dockerignore: no such file or directory{"level":"error","msg":"exit status 1","time":"2022-09-07T16:22:57+03:00"}
{"level":"info","msg":"Using namespace 'email-signature-ns'","time":"2022-09-07T16:23:44+03:00"}
{"level":"info","msg":"Using kube context 'shour-vcluster'","time":"2022-09-07T16:23:44+03:00"}
deploy:wp-msg Deploying chart /home/iamshour/.devspace/component-chart/component-chart-0.8.4.tgz (wp-msg) with helm...deploy:wp-msg Deployed helm chart (Release revision: 2)deploy:wp-msg Successfully deployed wp-msg with helmdev:wp-msg Waiting for pod to become ready...dev:wp-msg DevSpace is waiting, because Pod wp-msg-devspace-775df6ffb7-stpw2 has status: ContainerCreatingdev:wp-msg Selected wp-msg-devspace-775df6ffb7-stpw2:container-0 (pod:container)dev:wp-msg open  Opening 'http://localhost:3001' as soon as application will be starteddev:wp-msg ports Port forwarding started on: 3000 -> 3001dev:wp-msg sync  Sync started on: ./ <-> ./dev:wp-msg sync  Waiting for initial sync to completedev:wp-msg sync  Initial sync completeddev:wp-msg ssh   Port forwarding started on: 10839 -> 8022dev:wp-msg proxy Port forwarding started on: 10006 <- 10567dev:wp-msg ssh   Use 'ssh wp-msg.wp-msg-devspace.devspace' to connect via SSHdev:wp-msg term  Opening shell to container-0:wp-msg-devspace-775df6ffb7-stpw2 (pod:container){"level":"info","msg":"Using namespace 'email-signature-ns'","time":"2022-09-07T16:25:16+03:00"}
{"level":"info","msg":"Using kube context 'shour-vcluster'","time":"2022-09-07T16:25:16+03:00"}
dev:wp-msg Stopping dev wp-msgdev:wp-msg Scaling up Deployment wp-msg...purge:wp-msg Deleting deployment wp-msg...purge:wp-msg Successfully deleted deployment wp-msg{"level":"info","msg":"Using namespace 'email-signature-ns'","time":"2022-09-07T16:26:27+03:00"}
{"level":"info","msg":"Using kube context 'shour-vcluster'","time":"2022-09-07T16:26:27+03:00"}
deploy:wp-msg Deploying chart /home/iamshour/.devspace/component-chart/component-chart-0.8.4.tgz (wp-msg) with helm...deploy:wp-msg Deployed helm chart (Release revision: 1)deploy:wp-msg Successfully deployed wp-msg with helmdev:wp-msg Waiting for pod to become ready...dev:wp-msg Selected wp-msg-devspace-6754585ffd-6r7sd:container-0 (pod:container)dev:wp-msg open  Opening 'http://localhost:3001' as soon as application will be starteddev:wp-msg ports Port forwarding started on: 3000 -> 3001start_dev: start sync: parse upload exclude file: open exclude file: open /home/iamshour/workspace/wp-msg-testing/.dockerignore: no such file or directory{"level":"error","msg":"exit status 1","time":"2022-09-07T16:26:42+03:00"}
{"level":"info","msg":"Using namespace 'email-signature-ns'","time":"2022-09-07T16:27:46+03:00"}
{"level":"info","msg":"Using kube context 'shour-vcluster'","time":"2022-09-07T16:27:46+03:00"}
deploy:wp-msg Deploying chart /home/iamshour/.devspace/component-chart/component-chart-0.8.4.tgz (wp-msg) with helm...deploy:wp-msg Deployed helm chart (Release revision: 2)deploy:wp-msg Successfully deployed wp-msg with helmdev:wp-msg Waiting for pod to become ready...dev:wp-msg Selected wp-msg-devspace-56bdf9f89d-w5flk:container-0 (pod:container)dev:wp-msg open  Opening 'http://localhost:3001' as soon as application will be starteddev:wp-msg ports Port forwarding started on: 3000 -> 3001dev:wp-msg sync  Sync started on: ./ <-> ./dev:wp-msg sync  Waiting for initial sync to completedev:wp-msg sync  Initial sync completeddev:wp-msg ssh   Port forwarding started on: 10839 -> 8022dev:wp-msg proxy Port forwarding started on: 10852 <- 10567dev:wp-msg ssh   Use 'ssh wp-msg.wp-msg-devspace.devspace' to connect via SSHdev:wp-msg term  Opening shell to container-0:wp-msg-devspace-56bdf9f89d-w5flk (pod:container){"level":"info","msg":"Using namespace 'email-signature-ns'","time":"2022-09-07T16:28:26+03:00"}
{"level":"info","msg":"Using kube context 'shour-vcluster'","time":"2022-09-07T16:28:26+03:00"}
deploy:wp-msg Deploying chart /home/iamshour/.devspace/component-chart/component-chart-0.8.4.tgz (wp-msg) with helm...deploy:wp-msg Deployed helm chart (Release revision: 3)deploy:wp-msg Successfully deployed wp-msg with helmdev:wp-msg Waiting for pod to become ready...dev:wp-msg Selected wp-msg-devspace-f7d7bf8b5-ckvcf:container-0 (pod:container)dev:wp-msg open  Opening 'http://localhost:3001' as soon as application will be starteddev:wp-msg ports Port forwarding started on: 3000 -> 3001dev:wp-msg sync  Sync started on: ./ <-> ./dev:wp-msg sync  Waiting for initial sync to completedev:wp-msg sync  Initial sync completeddev:wp-msg ssh   Port forwarding started on: 10839 -> 8022dev:wp-msg proxy Port forwarding started on: 10016 <- 10567dev:wp-msg ssh   Use 'ssh wp-msg.wp-msg-devspace.devspace' to connect via SSHdev:wp-msg term  Opening shell to container-0:wp-msg-devspace-f7d7bf8b5-ckvcf (pod:container){"level":"info","msg":"Using namespace 'email-signature-ns'","time":"2022-09-07T16:58:57+03:00"}
{"level":"info","msg":"Using kube context 'shour-vcluster'","time":"2022-09-07T16:58:57+03:00"}
deploy:wp-msg Deploying chart /home/iamshour/.devspace/component-chart/component-chart-0.8.4.tgz (wp-msg) with helm...deploy:wp-msg Deployed helm chart (Release revision: 4)deploy:wp-msg Successfully deployed wp-msg with helmdev:wp-msg Waiting for pod to become ready...dev:wp-msg Selected wp-msg-devspace-5d798d95f9-fnjfc:container-0 (pod:container)dev:wp-msg open  Opening 'http://localhost:3001' as soon as application will be starteddev:wp-msg ports Port forwarding started on: 3001 -> 3000dev:wp-msg sync  Sync started on: ./ <-> ./dev:wp-msg sync  Waiting for initial sync to completedev:wp-msg sync  Initial sync completeddev:wp-msg ssh   Port forwarding started on: 10839 -> 8022dev:wp-msg proxy Port forwarding started on: 10407 <- 10567dev:wp-msg ssh   Use 'ssh wp-msg.wp-msg-devspace.devspace' to connect via SSHdev:wp-msg term  Opening shell to container-0:wp-msg-devspace-5d798d95f9-fnjfc (pod:container)dev:wp-msg open  Successfully opened http://localhost:3001{"level":"info","msg":"Using namespace 'email-signature-ns'","time":"2022-09-07T17:02:19+03:00"}
{"level":"info","msg":"Using kube context 'shour-vcluster'","time":"2022-09-07T17:02:19+03:00"}
dev:wp-msg Stopping dev wp-msgdev:wp-msg Scaling up Deployment wp-msg...purge:wp-msg Deleting deployment wp-msg...purge:wp-msg Successfully deleted deployment wp-msg{"level":"info","msg":"Using namespace 'email-signature-ns'","time":"2022-09-07T17:02:45+03:00"}
{"level":"info","msg":"Using kube context 'shour-vcluster'","time":"2022-09-07T17:02:45+03:00"}
deploy:wp-msg Deploying chart /home/iamshour/.devspace/component-chart/component-chart-0.8.4.tgz (wp-msg) with helm...deploy:wp-msg Deployed helm chart (Release revision: 1)deploy:wp-msg Successfully deployed wp-msg with helmdev:wp-msg Waiting for pod to become ready...dev:wp-msg Selected wp-msg-devspace-5bb4f66564-4v252:container-0 (pod:container)dev:wp-msg open  Opening 'http://localhost:3001' as soon as application will be starteddev:wp-msg ports Port forwarding started on: 3001 -> 3000dev:wp-msg sync  Sync started on: ./ <-> ./dev:wp-msg sync  Waiting for initial sync to completedev:wp-msg sync  Initial sync completeddev:wp-msg ssh   Port forwarding started on: 10839 -> 8022dev:wp-msg proxy Port forwarding started on: 10470 <- 10567dev:wp-msg ssh   Use 'ssh wp-msg.wp-msg-devspace.devspace' to connect via SSHdev:wp-msg term  Opening shell to container-0:wp-msg-devspace-5bb4f66564-4v252 (pod:container)dev:wp-msg open  Successfully opened http://localhost:3001{"level":"info","msg":"Using namespace 'email-signature-ns'","time":"2022-09-07T17:09:11+03:00"}
{"level":"info","msg":"Using kube context 'shour-vcluster'","time":"2022-09-07T17:09:11+03:00"}
dev:wp-msg Stopping dev wp-msgdev:wp-msg Scaling up Deployment wp-msg...purge:wp-msg Deleting deployment wp-msg...purge:wp-msg Successfully deleted deployment wp-msg